<?xml version="1.0" encoding="UTF-8"?>
<testsuite errors="0" failures="0" hostname="Yosemite" name="com.mb.android.preferences.persistance.SharedPreferenceConfigSerialiserSpec" tests="2" time="0.426" timestamp="2012-02-11T12:12:17">
  <properties />
  <testcase classname="com.mb.android.preferences.persistance.SharedPreferenceConfigSerialiserSpec" name="given an invalid config the serialiser throws an exception" time="0.249" />
  <testcase classname="com.mb.android.preferences.persistance.SharedPreferenceConfigSerialiserSpec" name="given a configuration object a representation should be stored in a shared preference" time="0.166" />
  <system-out><![CDATA[]]></system-out>
  <system-err><![CDATA[]]></system-err>
</testsuite>
