<?xml version="1.0" encoding="UTF-8"?>
<testsuite errors="0" failures="0" hostname="Yosemite" name="com.mb.android.preferences.persistance.SharedPreferenceConfigDeserialiserSpec" tests="2" time="0.036" timestamp="2012-01-14T16:37:56">
  <properties />
  <testcase classname="com.mb.android.preferences.persistance.SharedPreferenceConfigDeserialiserSpec" name="given a mock shared preference I expect mockConfig to be populated" time="0.023" />
  <testcase classname="com.mb.android.preferences.persistance.SharedPreferenceConfigDeserialiserSpec" name="given an id I expect a type to be generated" time="0.0" />
  <system-out><![CDATA[]]></system-out>
  <system-err><![CDATA[]]></system-err>
</testsuite>
