<?xml version="1.0" encoding="UTF-8"?>
<testsuite errors="0" failures="0" hostname="Yosemite" name="com.mb.android.preferences.persistance.SharedPreferenceConfigSerialiserSpec" tests="2" time="0.41" timestamp="2012-01-14T00:38:44">
  <properties />
  <testcase classname="com.mb.android.preferences.persistance.SharedPreferenceConfigSerialiserSpec" name="given an invalid config the serialiser throws an exception" time="0.228" />
  <testcase classname="com.mb.android.preferences.persistance.SharedPreferenceConfigSerialiserSpec" name="given a configuration object a representation should be stored in a shared preference" time="0.173" />
  <system-out><![CDATA[]]></system-out>
  <system-err><![CDATA[]]></system-err>
</testsuite>
