<?xml version="1.0" encoding="UTF-8"?>
<testsuite errors="0" failures="0" hostname="Yosemite" name="com.mb.android.preferences.persistance.KeyGeneratorSpec" tests="2" time="0.011" timestamp="2012-01-14T00:38:44">
  <properties />
  <testcase classname="com.mb.android.preferences.persistance.KeyGeneratorSpec" name="given an id I expect a type key to be generated" time="0.0030" />
  <testcase classname="com.mb.android.preferences.persistance.KeyGeneratorSpec" name="given an field id I expect a key to be generated" time="0.0010" />
  <system-out><![CDATA[]]></system-out>
  <system-err><![CDATA[]]></system-err>
</testsuite>
