<?xml version="1.0" encoding="UTF-8"?>
<testsuite errors="0" failures="0" hostname="Yosemite" name="com.mb.android.preferences.manager.StringCollectionUtilsSpec" tests="4" time="0.022" timestamp="2012-01-14T00:38:45">
  <properties />
  <testcase classname="com.mb.android.preferences.manager.StringCollectionUtilsSpec" name="given a list of strings and a comma join character a single string should be returned in csv format" time="0.0040" />
  <testcase classname="com.mb.android.preferences.manager.StringCollectionUtilsSpec" name="given a string list with one element and a comma join character a single string should be returned in csv format" time="0.0010" />
  <testcase classname="com.mb.android.preferences.manager.StringCollectionUtilsSpec" name="given an empty string list with one element and a comma join character a single string should be returned in csv format" time="0.0010" />
  <testcase classname="com.mb.android.preferences.manager.StringCollectionUtilsSpec" name="given a csv string a set should be returned" time="0.0040" />
  <system-out><![CDATA[]]></system-out>
  <system-err><![CDATA[]]></system-err>
</testsuite>
