<?xml version="1.0" encoding="UTF-8"?>
<testsuite errors="0" failures="0" hostname="Yosemite" name="com.mb.android.preferences.manager.ConfigManagerTests" tests="4" time="0.153" timestamp="2012-01-14T00:38:44">
  <properties />
  <testcase classname="com.mb.android.preferences.manager.ConfigManagerTests" name="saving a configuration should persist in shared preferences" time="0.031" />
  <testcase classname="com.mb.android.preferences.manager.ConfigManagerTests" name="If an error during a commit of new config an exception should be thrown" time="0.018" />
  <testcase classname="com.mb.android.preferences.manager.ConfigManagerTests" name="given a persisted config the manager can load full config" time="0.043" />
  <testcase classname="com.mb.android.preferences.manager.ConfigManagerTests" name="once a full config has loaded the configLoaded event should be triggered" time="0.022" />
  <system-out><![CDATA[]]></system-out>
  <system-err><![CDATA[]]></system-err>
</testsuite>
