<?xml version="1.0" encoding="UTF-8"?>
<testsuite errors="0" failures="0" hostname="Yosemite" name="com.mb.android.preferences.manager.ConfigManagerTests" tests="4" time="0.163" timestamp="2012-01-14T16:37:57">
  <properties />
  <testcase classname="com.mb.android.preferences.manager.ConfigManagerTests" name="saving a configuration should persist in shared preferences" time="0.045" />
  <testcase classname="com.mb.android.preferences.manager.ConfigManagerTests" name="If an error during a commit of new config an exception should be thrown" time="0.02" />
  <testcase classname="com.mb.android.preferences.manager.ConfigManagerTests" name="given a persisted config the manager can load full config" time="0.049" />
  <testcase classname="com.mb.android.preferences.manager.ConfigManagerTests" name="once a full config has loaded the configLoaded event should be triggered" time="0.023" />
  <system-out><![CDATA[]]></system-out>
  <system-err><![CDATA[]]></system-err>
</testsuite>
