<?xml version="1.0" encoding="UTF-8"?>
<testsuite errors="0" failures="0" hostname="Yosemite" name="com.mb.android.preferences.domain.ConfigSpec" tests="3" time="0.016" timestamp="2012-01-14T16:37:57">
  <properties />
  <testcase classname="com.mb.android.preferences.domain.ConfigSpec" name="a clone of a config object should create a new, cloned object" time="0.0030" />
  <testcase classname="com.mb.android.preferences.domain.ConfigSpec" name="a config object without a id or type should not be valid" time="0.0010" />
  <testcase classname="com.mb.android.preferences.domain.ConfigSpec" name="a config object with a id and is valid" time="0.0010" />
  <system-out><![CDATA[]]></system-out>
  <system-err><![CDATA[]]></system-err>
</testsuite>
